# JRE version: Java(TM) SE Runtime Environment (8.0_65-b17) (build 1.8.0_65-b17)
# Java VM: Java HotSpot(TM) 64-Bit Server VM (25.65-b01 mixed mode windows-amd64 compressed oops)
Heap:
 PSYoungGen      total 453632K, used 109653K [0x00000000d5e00000, 0x00000000f5d00000, 0x0000000100000000)
  eden space 453120K, 24% used [0x00000000d5e00000,0x00000000dc8d4c00,0x00000000f1880000)
  from space 512K, 50% used [0x00000000f5c80000,0x00000000f5cc09c0,0x00000000f5d00000)
  to   space 1024K, 0% used [0x00000000f5b00000,0x00000000f5b00000,0x00000000f5c00000)
 ParOldGen       total 87552K, used 1593K [0x0000000081a00000, 0x0000000086f80000, 0x00000000d5e00000)
  object space 87552K, 1% used [0x0000000081a00000,0x0000000081b8e538,0x0000000086f80000)
 Metaspace       used 4538K, capacity 4698K, committed 4992K, reserved 1056768K
  class space    used 504K, capacity 522K, committed 640K, reserved 1048576K
GC Heap History (10 events):
Event: 4.925 GC heap before
{Heap before GC invocations=40 (full 0):
 PSYoungGen      total 418816K, used 418028K [0x00000000d5e00000, 0x00000000f5e00000, 0x0000000100000000)
  eden space 417792K, 100% used [0x00000000d5e00000,0x00000000ef600000,0x00000000ef600000)
  from space 1024K, 23% used [0x00000000ef600000,0x00000000ef63b200,0x00000000ef700000)
  to   space 1024K, 0% used [0x00000000f5d00000,0x00000000f5d00000,0x00000000f5e00000)
 ParOldGen       total 87552K, used 1593K [0x0000000081a00000, 0x0000000086f80000, 0x00000000d5e00000)
  object space 87552K, 1% used [0x0000000081a00000,0x0000000081b8e538,0x0000000086f80000)
 Metaspace       used 4499K, capacity 4698K, committed 4992K, reserved 1056768K
  class space    used 499K, capacity 522K, committed 640K, reserved 1048576K
Event: 4.926 GC heap after
Heap after GC invocations=40 (full 0):
 PSYoungGen      total 523264K, used 344K [0x00000000d5e00000, 0x00000000f5e00000, 0x0000000100000000)
  eden space 522240K, 0% used [0x00000000d5e00000,0x00000000d5e00000,0x00000000f5c00000)
  from space 1024K, 33% used [0x00000000f5d00000,0x00000000f5d56288,0x00000000f5e00000)
  to   space 1024K, 0% used [0x00000000f5c00000,0x00000000f5c00000,0x00000000f5d00000)
 ParOldGen       total 87552K, used 1593K [0x0000000081a00000, 0x0000000086f80000, 0x00000000d5e00000)
  object space 87552K, 1% used [0x0000000081a00000,0x0000000081b8e538,0x0000000086f80000)
 Metaspace       used 4499K, capacity 4698K, committed 4992K, reserved 1056768K
  class space    used 499K, capacity 522K, committed 640K, reserved 1048576K
}
Event: 5.033 GC heap before
{Heap before GC invocations=41 (full 0):
 PSYoungGen      total 523264K, used 522584K [0x00000000d5e00000, 0x00000000f5e00000, 0x0000000100000000)
  eden space 522240K, 100% used [0x00000000d5e00000,0x00000000f5c00000,0x00000000f5c00000)
  from space 1024K, 33% used [0x00000000f5d00000,0x00000000f5d56288,0x00000000f5e00000)
  to   space 1024K, 0% used [0x00000000f5c00000,0x00000000f5c00000,0x00000000f5d00000)
 ParOldGen       total 87552K, used 1593K [0x0000000081a00000, 0x0000000086f80000, 0x00000000d5e00000)
  object space 87552K, 1% used [0x0000000081a00000,0x0000000081b8e538,0x0000000086f80000)
 Metaspace       used 4499K, capacity 4698K, committed 4992K, reserved 1056768K
  class space    used 499K, capacity 522K, committed 640K, reserved 1048576K
Event: 5.033 GC heap after
Heap after GC invocations=41 (full 0):
 PSYoungGen      total 523264K, used 106K [0x00000000d5e00000, 0x00000000f5e00000, 0x0000000100000000)
  eden space 522240K, 0% used [0x00000000d5e00000,0x00000000d5e00000,0x00000000f5c00000)
  from space 1024K, 10% used [0x00000000f5c00000,0x00000000f5c1aa70,0x00000000f5d00000)
  to   space 1024K, 0% used [0x00000000f5d00000,0x00000000f5d00000,0x00000000f5e00000)
 ParOldGen       total 87552K, used 1593K [0x0000000081a00000, 0x0000000086f80000, 0x00000000d5e00000)
  object space 87552K, 1% used [0x0000000081a00000,0x0000000081b8e538,0x0000000086f80000)
 Metaspace       used 4499K, capacity 4698K, committed 4992K, reserved 1056768K
  class space    used 499K, capacity 522K, committed 640K, reserved 1048576K
}
Event: 5.099 GC heap before
{Heap before GC invocations=42 (full 0):
 PSYoungGen      total 523264K, used 522346K [0x00000000d5e00000, 0x00000000f5e00000, 0x0000000100000000)
  eden space 522240K, 100% used [0x00000000d5e00000,0x00000000f5c00000,0x00000000f5c00000)
  from space 1024K, 10% used [0x00000000f5c00000,0x00000000f5c1aa70,0x00000000f5d00000)
  to   space 1024K, 0% used [0x00000000f5d00000,0x00000000f5d00000,0x00000000f5e00000)
 ParOldGen       total 87552K, used 1593K [0x0000000081a00000, 0x0000000086f80000, 0x00000000d5e00000)
  object space 87552K, 1% used [0x0000000081a00000,0x0000000081b8e538,0x0000000086f80000)
 Metaspace       used 4499K, capacity 4698K, committed 4992K, reserved 1056768K
  class space    used 499K, capacity 522K, committed 640K, reserved 1048576K
Event: 5.099 GC heap after
Heap after GC invocations=42 (full 0):
 PSYoungGen      total 498688K, used 140K [0x00000000d5e00000, 0x00000000f5d80000, 0x0000000100000000)
  eden space 498176K, 0% used [0x00000000d5e00000,0x00000000d5e00000,0x00000000f4480000)
  from space 512K, 27% used [0x00000000f5d00000,0x00000000f5d233e0,0x00000000f5d80000)
  to   space 1024K, 0% used [0x00000000f5b80000,0x00000000f5b80000,0x00000000f5c80000)
 ParOldGen       total 87552K, used 1593K [0x0000000081a00000, 0x0000000086f80000, 0x00000000d5e00000)
  object space 87552K, 1% used [0x0000000081a00000,0x0000000081b8e538,0x0000000086f80000)
 Metaspace       used 4499K, capacity 4698K, committed 4992K, reserved 1056768K
  class space    used 499K, capacity 522K, committed 640K, reserved 1048576K
}
Event: 5.168 GC heap before
{Heap before GC invocations=43 (full 0):
 PSYoungGen      total 498688K, used 498316K [0x00000000d5e00000, 0x00000000f5d80000, 0x0000000100000000)
  eden space 498176K, 100% used [0x00000000d5e00000,0x00000000f4480000,0x00000000f4480000)
  from space 512K, 27% used [0x00000000f5d00000,0x00000000f5d233e0,0x00000000f5d80000)
  to   space 1024K, 0% used [0x00000000f5b80000,0x00000000f5b80000,0x00000000f5c80000)
 ParOldGen       total 87552K, used 1593K [0x0000000081a00000, 0x0000000086f80000, 0x00000000d5e00000)
  object space 87552K, 1% used [0x0000000081a00000,0x0000000081b8e538,0x0000000086f80000)
 Metaspace       used 4499K, capacity 4698K, committed 4992K, reserved 1056768K
  class space    used 499K, capacity 522K, committed 640K, reserved 1048576K
Event: 5.168 GC heap after
Heap after GC invocations=43 (full 0):
 PSYoungGen      total 476160K, used 143K [0x00000000d5e00000, 0x00000000f5d80000, 0x0000000100000000)
  eden space 475136K, 0% used [0x00000000d5e00000,0x00000000d5e00000,0x00000000f2e00000)
  from space 1024K, 13% used [0x00000000f5b80000,0x00000000f5ba3cb0,0x00000000f5c80000)
  to   space 1024K, 0% used [0x00000000f5c80000,0x00000000f5c80000,0x00000000f5d80000)
 ParOldGen       total 87552K, used 1593K [0x0000000081a00000, 0x0000000086f80000, 0x00000000d5e00000)
  object space 87552K, 1% used [0x0000000081a00000,0x0000000081b8e538,0x0000000086f80000)
 Metaspace       used 4499K, capacity 4698K, committed 4992K, reserved 1056768K
  class space    used 499K, capacity 522K, committed 640K, reserved 1048576K
}
Event: 5.239 GC heap before
{Heap before GC invocations=44 (full 0):
 PSYoungGen      total 476160K, used 475279K [0x00000000d5e00000, 0x00000000f5d80000, 0x0000000100000000)
  eden space 475136K, 100% used [0x00000000d5e00000,0x00000000f2e00000,0x00000000f2e00000)
  from space 1024K, 13% used [0x00000000f5b80000,0x00000000f5ba3cb0,0x00000000f5c80000)
  to   space 1024K, 0% used [0x00000000f5c80000,0x00000000f5c80000,0x00000000f5d80000)
 ParOldGen       total 87552K, used 1593K [0x0000000081a00000, 0x0000000086f80000, 0x00000000d5e00000)
  object space 87552K, 1% used [0x0000000081a00000,0x0000000081b8e538,0x0000000086f80000)
 Metaspace       used 4499K, capacity 4698K, committed 4992K, reserved 1056768K
  class space    used 499K, capacity 522K, committed 640K, reserved 1048576K
Event: 5.240 GC heap after
Heap after GC invocations=44 (full 0):
 PSYoungGen      total 453632K, used 258K [0x00000000d5e00000, 0x00000000f5d00000, 0x0000000100000000)
  eden space 453120K, 0% used [0x00000000d5e00000,0x00000000d5e00000,0x00000000f1880000)
  from space 512K, 50% used [0x00000000f5c80000,0x00000000f5cc09c0,0x00000000f5d00000)
  to   space 1024K, 0% used [0x00000000f5b00000,0x00000000f5b00000,0x00000000f5c00000)
 ParOldGen       total 87552K, used 1593K [0x0000000081a00000, 0x0000000086f80000, 0x00000000d5e00000)
  object space 87552K, 1% used [0x0000000081a00000,0x0000000081b8e538,0x0000000086f80000)
 Metaspace       used 4499K, capacity 4698K, committed 4992K, reserved 1056768K
  class space    used 499K, capacity 522K, committed 640K, reserved 1048576K
}

