# JRE version: Java(TM) SE Runtime Environment (8.0_65-b17) (build 1.8.0_65-b17)
# Java VM: Java HotSpot(TM) 64-Bit Server VM (25.65-b01 mixed mode windows-amd64 compressed oops)
Heap:
 PSYoungGen      total 484864K, used 140564K [0x00000000d5e00000, 0x00000000f9c80000, 0x0000000100000000)
  eden space 483840K, 28% used [0x00000000d5e00000,0x00000000de6fd408,0x00000000f3680000)
  from space 1024K, 28% used [0x00000000f9a80000,0x00000000f9ac7e00,0x00000000f9b80000)
  to   space 1024K, 0% used [0x00000000f9b80000,0x00000000f9b80000,0x00000000f9c80000)
 ParOldGen       total 87552K, used 1613K [0x0000000081a00000, 0x0000000086f80000, 0x00000000d5e00000)
  object space 87552K, 1% used [0x0000000081a00000,0x0000000081b93458,0x0000000086f80000)
 Metaspace       used 17454K, capacity 17678K, committed 17920K, reserved 1064960K
  class space    used 1967K, capacity 2034K, committed 2048K, reserved 1048576K
GC Heap History (10 events):
Event: 5.592 GC heap before
{Heap before GC invocations=45 (full 0):
 PSYoungGen      total 481792K, used 481546K [0x00000000d5e00000, 0x00000000f9c00000, 0x0000000100000000)
  eden space 481280K, 100% used [0x00000000d5e00000,0x00000000f3400000,0x00000000f3400000)
  from space 512K, 52% used [0x00000000f9b80000,0x00000000f9bc2920,0x00000000f9c00000)
  to   space 1024K, 0% used [0x00000000f9a00000,0x00000000f9a00000,0x00000000f9b00000)
 ParOldGen       total 87552K, used 1613K [0x0000000081a00000, 0x0000000086f80000, 0x00000000d5e00000)
  object space 87552K, 1% used [0x0000000081a00000,0x0000000081b93458,0x0000000086f80000)
 Metaspace       used 4547K, capacity 4698K, committed 4992K, reserved 1056768K
  class space    used 499K, capacity 522K, committed 640K, reserved 1048576K
Event: 5.593 GC heap after
Heap after GC invocations=45 (full 0):
 PSYoungGen      total 586752K, used 627K [0x00000000d5e00000, 0x00000000f9d80000, 0x0000000100000000)
  eden space 585728K, 0% used [0x00000000d5e00000,0x00000000d5e00000,0x00000000f9a00000)
  from space 1024K, 61% used [0x00000000f9a00000,0x00000000f9a9ce20,0x00000000f9b00000)
  to   space 1024K, 0% used [0x00000000f9c80000,0x00000000f9c80000,0x00000000f9d80000)
 ParOldGen       total 87552K, used 1613K [0x0000000081a00000, 0x0000000086f80000, 0x00000000d5e00000)
  object space 87552K, 1% used [0x0000000081a00000,0x0000000081b93458,0x0000000086f80000)
 Metaspace       used 4547K, capacity 4698K, committed 4992K, reserved 1056768K
  class space    used 499K, capacity 522K, committed 640K, reserved 1048576K
}
Event: 5.690 GC heap before
{Heap before GC invocations=46 (full 0):
 PSYoungGen      total 586752K, used 586355K [0x00000000d5e00000, 0x00000000f9d80000, 0x0000000100000000)
  eden space 585728K, 100% used [0x00000000d5e00000,0x00000000f9a00000,0x00000000f9a00000)
  from space 1024K, 61% used [0x00000000f9a00000,0x00000000f9a9ce20,0x00000000f9b00000)
  to   space 1024K, 0% used [0x00000000f9c80000,0x00000000f9c80000,0x00000000f9d80000)
 ParOldGen       total 87552K, used 1613K [0x0000000081a00000, 0x0000000086f80000, 0x00000000d5e00000)
  object space 87552K, 1% used [0x0000000081a00000,0x0000000081b93458,0x0000000086f80000)
 Metaspace       used 4547K, capacity 4698K, committed 4992K, reserved 1056768K
  class space    used 499K, capacity 522K, committed 640K, reserved 1048576K
Event: 5.691 GC heap after
Heap after GC invocations=46 (full 0):
 PSYoungGen      total 558592K, used 153K [0x00000000d5e00000, 0x00000000f9d00000, 0x0000000100000000)
  eden space 558080K, 0% used [0x00000000d5e00000,0x00000000d5e00000,0x00000000f7f00000)
  from space 512K, 29% used [0x00000000f9c80000,0x00000000f9ca65e8,0x00000000f9d00000)
  to   space 1024K, 0% used [0x00000000f9b00000,0x00000000f9b00000,0x00000000f9c00000)
 ParOldGen       total 87552K, used 1613K [0x0000000081a00000, 0x0000000086f80000, 0x00000000d5e00000)
  object space 87552K, 1% used [0x0000000081a00000,0x0000000081b93458,0x0000000086f80000)
 Metaspace       used 4547K, capacity 4698K, committed 4992K, reserved 1056768K
  class space    used 499K, capacity 522K, committed 640K, reserved 1048576K
}
Event: 5.773 GC heap before
{Heap before GC invocations=47 (full 0):
 PSYoungGen      total 558592K, used 558233K [0x00000000d5e00000, 0x00000000f9d00000, 0x0000000100000000)
  eden space 558080K, 100% used [0x00000000d5e00000,0x00000000f7f00000,0x00000000f7f00000)
  from space 512K, 29% used [0x00000000f9c80000,0x00000000f9ca65e8,0x00000000f9d00000)
  to   space 1024K, 0% used [0x00000000f9b00000,0x00000000f9b00000,0x00000000f9c00000)
 ParOldGen       total 87552K, used 1613K [0x0000000081a00000, 0x0000000086f80000, 0x00000000d5e00000)
  object space 87552K, 1% used [0x0000000081a00000,0x0000000081b93458,0x0000000086f80000)
 Metaspace       used 4547K, capacity 4698K, committed 4992K, reserved 1056768K
  class space    used 499K, capacity 522K, committed 640K, reserved 1048576K
Event: 5.773 GC heap after
Heap after GC invocations=47 (full 0):
 PSYoungGen      total 532992K, used 279K [0x00000000d5e00000, 0x00000000f9d00000, 0x0000000100000000)
  eden space 531968K, 0% used [0x00000000d5e00000,0x00000000d5e00000,0x00000000f6580000)
  from space 1024K, 27% used [0x00000000f9b00000,0x00000000f9b45d70,0x00000000f9c00000)
  to   space 1024K, 0% used [0x00000000f9c00000,0x00000000f9c00000,0x00000000f9d00000)
 ParOldGen       total 87552K, used 1613K [0x0000000081a00000, 0x0000000086f80000, 0x00000000d5e00000)
  object space 87552K, 1% used [0x0000000081a00000,0x0000000081b93458,0x0000000086f80000)
 Metaspace       used 4547K, capacity 4698K, committed 4992K, reserved 1056768K
  class space    used 499K, capacity 522K, committed 640K, reserved 1048576K
}
Event: 5.860 GC heap before
{Heap before GC invocations=48 (full 0):
 PSYoungGen      total 532992K, used 532247K [0x00000000d5e00000, 0x00000000f9d00000, 0x0000000100000000)
  eden space 531968K, 100% used [0x00000000d5e00000,0x00000000f6580000,0x00000000f6580000)
  from space 1024K, 27% used [0x00000000f9b00000,0x00000000f9b45d70,0x00000000f9c00000)
  to   space 1024K, 0% used [0x00000000f9c00000,0x00000000f9c00000,0x00000000f9d00000)
 ParOldGen       total 87552K, used 1613K [0x0000000081a00000, 0x0000000086f80000, 0x00000000d5e00000)
  object space 87552K, 1% used [0x0000000081a00000,0x0000000081b93458,0x0000000086f80000)
 Metaspace       used 4547K, capacity 4698K, committed 4992K, reserved 1056768K
  class space    used 499K, capacity 522K, committed 640K, reserved 1048576K
Event: 5.860 GC heap after
Heap after GC invocations=48 (full 0):
 PSYoungGen      total 507904K, used 283K [0x00000000d5e00000, 0x00000000f9c80000, 0x0000000100000000)
  eden space 507392K, 0% used [0x00000000d5e00000,0x00000000d5e00000,0x00000000f4d80000)
  from space 512K, 55% used [0x00000000f9c00000,0x00000000f9c46e40,0x00000000f9c80000)
  to   space 1024K, 0% used [0x00000000f9a80000,0x00000000f9a80000,0x00000000f9b80000)
 ParOldGen       total 87552K, used 1613K [0x0000000081a00000, 0x0000000086f80000, 0x00000000d5e00000)
  object space 87552K, 1% used [0x0000000081a00000,0x0000000081b93458,0x0000000086f80000)
 Metaspace       used 4547K, capacity 4698K, committed 4992K, reserved 1056768K
  class space    used 499K, capacity 522K, committed 640K, reserved 1048576K
}
Event: 5.930 GC heap before
{Heap before GC invocations=49 (full 0):
 PSYoungGen      total 507904K, used 507675K [0x00000000d5e00000, 0x00000000f9c80000, 0x0000000100000000)
  eden space 507392K, 100% used [0x00000000d5e00000,0x00000000f4d80000,0x00000000f4d80000)
  from space 512K, 55% used [0x00000000f9c00000,0x00000000f9c46e40,0x00000000f9c80000)
  to   space 1024K, 0% used [0x00000000f9a80000,0x00000000f9a80000,0x00000000f9b80000)
 ParOldGen       total 87552K, used 1613K [0x0000000081a00000, 0x0000000086f80000, 0x00000000d5e00000)
  object space 87552K, 1% used [0x0000000081a00000,0x0000000081b93458,0x0000000086f80000)
 Metaspace       used 4547K, capacity 4698K, committed 4992K, reserved 1056768K
  class space    used 499K, capacity 522K, committed 640K, reserved 1048576K
Event: 5.930 GC heap after
Heap after GC invocations=49 (full 0):
 PSYoungGen      total 484864K, used 287K [0x00000000d5e00000, 0x00000000f9c80000, 0x0000000100000000)
  eden space 483840K, 0% used [0x00000000d5e00000,0x00000000d5e00000,0x00000000f3680000)
  from space 1024K, 28% used [0x00000000f9a80000,0x00000000f9ac7e00,0x00000000f9b80000)
  to   space 1024K, 0% used [0x00000000f9b80000,0x00000000f9b80000,0x00000000f9c80000)
 ParOldGen       total 87552K, used 1613K [0x0000000081a00000, 0x0000000086f80000, 0x00000000d5e00000)
  object space 87552K, 1% used [0x0000000081a00000,0x0000000081b93458,0x0000000086f80000)
 Metaspace       used 4547K, capacity 4698K, committed 4992K, reserved 1056768K
  class space    used 499K, capacity 522K, committed 640K, reserved 1048576K
}

