# JRE version: Java(TM) SE Runtime Environment (8.0_65-b17) (build 1.8.0_65-b17)
# Java VM: Java HotSpot(TM) 64-Bit Server VM (25.65-b01 mixed mode windows-amd64 compressed oops)
Heap:
 PSYoungGen      total 218624K, used 69761K [0x00000000d5e00000, 0x00000000e4400000, 0x0000000100000000)
  eden space 214016K, 32% used [0x00000000d5e00000,0x00000000da201e18,0x00000000e2f00000)
  from space 4608K, 2% used [0x00000000e3f80000,0x00000000e3f9e610,0x00000000e4400000)
  to   space 1024K, 0% used [0x00000000e2f00000,0x00000000e2f00000,0x00000000e3000000)
 ParOldGen       total 45056K, used 12718K [0x0000000081a00000, 0x0000000084600000, 0x00000000d5e00000)
  object space 45056K, 28% used [0x0000000081a00000,0x000000008266bb80,0x0000000084600000)
 Metaspace       used 17281K, capacity 17524K, committed 17664K, reserved 1064960K
  class space    used 1966K, capacity 2032K, committed 2048K, reserved 1048576K
GC Heap History (10 events):
Event: 10.468 GC heap before
{Heap before GC invocations=91 (full 1):
 PSYoungGen      total 215040K, used 214048K [0x00000000d5e00000, 0x00000000e4400000, 0x0000000100000000)
  eden space 214016K, 100% used [0x00000000d5e00000,0x00000000e2f00000,0x00000000e2f00000)
  from space 1024K, 3% used [0x00000000e2f00000,0x00000000e2f08000,0x00000000e3000000)
  to   space 4608K, 0% used [0x00000000e3f80000,0x00000000e3f80000,0x00000000e4400000)
 ParOldGen       total 45056K, used 12718K [0x0000000081a00000, 0x0000000084600000, 0x00000000d5e00000)
  object space 45056K, 28% used [0x0000000081a00000,0x000000008266bb80,0x0000000084600000)
 Metaspace       used 17281K, capacity 17524K, committed 17664K, reserved 1064960K
  class space    used 1966K, capacity 2032K, committed 2048K, reserved 1048576K
Event: 10.469 GC heap after
Heap after GC invocations=91 (full 1):
 PSYoungGen      total 218624K, used 66K [0x00000000d5e00000, 0x00000000e4400000, 0x0000000100000000)
  eden space 214016K, 0% used [0x00000000d5e00000,0x00000000d5e00000,0x00000000e2f00000)
  from space 4608K, 1% used [0x00000000e3f80000,0x00000000e3f908f8,0x00000000e4400000)
  to   space 1024K, 0% used [0x00000000e2f00000,0x00000000e2f00000,0x00000000e3000000)
 ParOldGen       total 45056K, used 12718K [0x0000000081a00000, 0x0000000084600000, 0x00000000d5e00000)
  object space 45056K, 28% used [0x0000000081a00000,0x000000008266bb80,0x0000000084600000)
 Metaspace       used 17281K, capacity 17524K, committed 17664K, reserved 1064960K
  class space    used 1966K, capacity 2032K, committed 2048K, reserved 1048576K
}
Event: 10.498 GC heap before
{Heap before GC invocations=92 (full 1):
 PSYoungGen      total 218624K, used 214082K [0x00000000d5e00000, 0x00000000e4400000, 0x0000000100000000)
  eden space 214016K, 100% used [0x00000000d5e00000,0x00000000e2f00000,0x00000000e2f00000)
  from space 4608K, 1% used [0x00000000e3f80000,0x00000000e3f908f8,0x00000000e4400000)
  to   space 1024K, 0% used [0x00000000e2f00000,0x00000000e2f00000,0x00000000e3000000)
 ParOldGen       total 45056K, used 12718K [0x0000000081a00000, 0x0000000084600000, 0x00000000d5e00000)
  object space 45056K, 28% used [0x0000000081a00000,0x000000008266bb80,0x0000000084600000)
 Metaspace       used 17281K, capacity 17524K, committed 17664K, reserved 1064960K
  class space    used 1966K, capacity 2032K, committed 2048K, reserved 1048576K
Event: 10.499 GC heap after
Heap after GC invocations=92 (full 1):
 PSYoungGen      total 215040K, used 69K [0x00000000d5e00000, 0x00000000e4400000, 0x0000000100000000)
  eden space 214016K, 0% used [0x00000000d5e00000,0x00000000d5e00000,0x00000000e2f00000)
  from space 1024K, 6% used [0x00000000e2f00000,0x00000000e2f11498,0x00000000e3000000)
  to   space 4608K, 0% used [0x00000000e3f80000,0x00000000e3f80000,0x00000000e4400000)
 ParOldGen       total 45056K, used 12718K [0x0000000081a00000, 0x0000000084600000, 0x00000000d5e00000)
  object space 45056K, 28% used [0x0000000081a00000,0x000000008266bb80,0x0000000084600000)
 Metaspace       used 17281K, capacity 17524K, committed 17664K, reserved 1064960K
  class space    used 1966K, capacity 2032K, committed 2048K, reserved 1048576K
}
Event: 10.525 GC heap before
{Heap before GC invocations=93 (full 1):
 PSYoungGen      total 215040K, used 214085K [0x00000000d5e00000, 0x00000000e4400000, 0x0000000100000000)
  eden space 214016K, 100% used [0x00000000d5e00000,0x00000000e2f00000,0x00000000e2f00000)
  from space 1024K, 6% used [0x00000000e2f00000,0x00000000e2f11498,0x00000000e3000000)
  to   space 4608K, 0% used [0x00000000e3f80000,0x00000000e3f80000,0x00000000e4400000)
 ParOldGen       total 45056K, used 12718K [0x0000000081a00000, 0x0000000084600000, 0x00000000d5e00000)
  object space 45056K, 28% used [0x0000000081a00000,0x000000008266bb80,0x0000000084600000)
 Metaspace       used 17281K, capacity 17524K, committed 17664K, reserved 1064960K
  class space    used 1966K, capacity 2032K, committed 2048K, reserved 1048576K
Event: 10.526 GC heap after
Heap after GC invocations=93 (full 1):
 PSYoungGen      total 218624K, used 71K [0x00000000d5e00000, 0x00000000e4400000, 0x0000000100000000)
  eden space 214016K, 0% used [0x00000000d5e00000,0x00000000d5e00000,0x00000000e2f00000)
  from space 4608K, 1% used [0x00000000e3f80000,0x00000000e3f91f68,0x00000000e4400000)
  to   space 1024K, 0% used [0x00000000e2f00000,0x00000000e2f00000,0x00000000e3000000)
 ParOldGen       total 45056K, used 12718K [0x0000000081a00000, 0x0000000084600000, 0x00000000d5e00000)
  object space 45056K, 28% used [0x0000000081a00000,0x000000008266bb80,0x0000000084600000)
 Metaspace       used 17281K, capacity 17524K, committed 17664K, reserved 1064960K
  class space    used 1966K, capacity 2032K, committed 2048K, reserved 1048576K
}
Event: 10.553 GC heap before
{Heap before GC invocations=94 (full 1):
 PSYoungGen      total 218624K, used 214087K [0x00000000d5e00000, 0x00000000e4400000, 0x0000000100000000)
  eden space 214016K, 100% used [0x00000000d5e00000,0x00000000e2f00000,0x00000000e2f00000)
  from space 4608K, 1% used [0x00000000e3f80000,0x00000000e3f91f68,0x00000000e4400000)
  to   space 1024K, 0% used [0x00000000e2f00000,0x00000000e2f00000,0x00000000e3000000)
 ParOldGen       total 45056K, used 12718K [0x0000000081a00000, 0x0000000084600000, 0x00000000d5e00000)
  object space 45056K, 28% used [0x0000000081a00000,0x000000008266bb80,0x0000000084600000)
 Metaspace       used 17281K, capacity 17524K, committed 17664K, reserved 1064960K
  class space    used 1966K, capacity 2032K, committed 2048K, reserved 1048576K
Event: 10.554 GC heap after
Heap after GC invocations=94 (full 1):
 PSYoungGen      total 215040K, used 116K [0x00000000d5e00000, 0x00000000e4400000, 0x0000000100000000)
  eden space 214016K, 0% used [0x00000000d5e00000,0x00000000d5e00000,0x00000000e2f00000)
  from space 1024K, 11% used [0x00000000e2f00000,0x00000000e2f1d2e8,0x00000000e3000000)
  to   space 4608K, 0% used [0x00000000e3f80000,0x00000000e3f80000,0x00000000e4400000)
 ParOldGen       total 45056K, used 12718K [0x0000000081a00000, 0x0000000084600000, 0x00000000d5e00000)
  object space 45056K, 28% used [0x0000000081a00000,0x000000008266bb80,0x0000000084600000)
 Metaspace       used 17281K, capacity 17524K, committed 17664K, reserved 1064960K
  class space    used 1966K, capacity 2032K, committed 2048K, reserved 1048576K
}
Event: 10.582 GC heap before
{Heap before GC invocations=95 (full 1):
 PSYoungGen      total 215040K, used 214132K [0x00000000d5e00000, 0x00000000e4400000, 0x0000000100000000)
  eden space 214016K, 100% used [0x00000000d5e00000,0x00000000e2f00000,0x00000000e2f00000)
  from space 1024K, 11% used [0x00000000e2f00000,0x00000000e2f1d2e8,0x00000000e3000000)
  to   space 4608K, 0% used [0x00000000e3f80000,0x00000000e3f80000,0x00000000e4400000)
 ParOldGen       total 45056K, used 12718K [0x0000000081a00000, 0x0000000084600000, 0x00000000d5e00000)
  object space 45056K, 28% used [0x0000000081a00000,0x000000008266bb80,0x0000000084600000)
 Metaspace       used 17281K, capacity 17524K, committed 17664K, reserved 1064960K
  class space    used 1966K, capacity 2032K, committed 2048K, reserved 1048576K
Event: 10.583 GC heap after
Heap after GC invocations=95 (full 1):
 PSYoungGen      total 218624K, used 121K [0x00000000d5e00000, 0x00000000e4400000, 0x0000000100000000)
  eden space 214016K, 0% used [0x00000000d5e00000,0x00000000d5e00000,0x00000000e2f00000)
  from space 4608K, 2% used [0x00000000e3f80000,0x00000000e3f9e610,0x00000000e4400000)
  to   space 1024K, 0% used [0x00000000e2f00000,0x00000000e2f00000,0x00000000e3000000)
 ParOldGen       total 45056K, used 12718K [0x0000000081a00000, 0x0000000084600000, 0x00000000d5e00000)
  object space 45056K, 28% used [0x0000000081a00000,0x000000008266bb80,0x0000000084600000)
 Metaspace       used 17281K, capacity 17524K, committed 17664K, reserved 1064960K
  class space    used 1966K, capacity 2032K, committed 2048K, reserved 1048576K
}

