# JRE version: Java(TM) SE Runtime Environment (8.0_65-b17) (build 1.8.0_65-b17)
# Java VM: Java HotSpot(TM) 64-Bit Server VM (25.65-b01 mixed mode windows-amd64 compressed oops)
Heap:
 PSYoungGen      total 378880K, used 30235K [0x00000000d5e00000, 0x00000000ef580000, 0x0000000100000000)
  eden space 374272K, 8% used [0x00000000d5e00000,0x00000000d7b749f0,0x00000000ecb80000)
  from space 4608K, 1% used [0x00000000ef100000,0x00000000ef1122a0,0x00000000ef580000)
  to   space 5120K, 0% used [0x00000000eeb80000,0x00000000eeb80000,0x00000000ef080000)
 ParOldGen       total 87552K, used 13742K [0x0000000081a00000, 0x0000000086f80000, 0x00000000d5e00000)
  object space 87552K, 15% used [0x0000000081a00000,0x000000008276bb68,0x0000000086f80000)
 Metaspace       used 17280K, capacity 17534K, committed 17664K, reserved 1064960K
  class space    used 1966K, capacity 2034K, committed 2048K, reserved 1048576K
GC Heap History (10 events):
Event: 8.627 GC heap before
{Heap before GC invocations=61 (full 0):
 PSYoungGen      total 271872K, used 271639K [0x00000000d5e00000, 0x00000000ef580000, 0x0000000100000000)
  eden space 271360K, 100% used [0x00000000d5e00000,0x00000000e6700000,0x00000000e6700000)
  from space 512K, 54% used [0x00000000ef500000,0x00000000ef545c30,0x00000000ef580000)
  to   space 512K, 0% used [0x00000000ef480000,0x00000000ef480000,0x00000000ef500000)
 ParOldGen       total 87552K, used 1618K [0x0000000081a00000, 0x0000000086f80000, 0x00000000d5e00000)
  object space 87552K, 1% used [0x0000000081a00000,0x0000000081b94b88,0x0000000086f80000)
 Metaspace       used 17280K, capacity 17534K, committed 17664K, reserved 1064960K
  class space    used 1966K, capacity 2034K, committed 2048K, reserved 1048576K
Event: 8.635 GC heap after
Heap after GC invocations=61 (full 0):
 PSYoungGen      total 260096K, used 512K [0x00000000d5e00000, 0x00000000ef580000, 0x0000000100000000)
  eden space 259584K, 0% used [0x00000000d5e00000,0x00000000d5e00000,0x00000000e5b80000)
  from space 512K, 100% used [0x00000000ef480000,0x00000000ef500000,0x00000000ef500000)
  to   space 512K, 0% used [0x00000000ef500000,0x00000000ef500000,0x00000000ef580000)
 ParOldGen       total 87552K, used 13206K [0x0000000081a00000, 0x0000000086f80000, 0x00000000d5e00000)
  object space 87552K, 15% used [0x0000000081a00000,0x00000000826e5a78,0x0000000086f80000)
 Metaspace       used 17280K, capacity 17534K, committed 17664K, reserved 1064960K
  class space    used 1966K, capacity 2034K, committed 2048K, reserved 1048576K
}
Event: 8.665 GC heap before
{Heap before GC invocations=62 (full 0):
 PSYoungGen      total 260096K, used 260096K [0x00000000d5e00000, 0x00000000ef580000, 0x0000000100000000)
  eden space 259584K, 100% used [0x00000000d5e00000,0x00000000e5b80000,0x00000000e5b80000)
  from space 512K, 100% used [0x00000000ef480000,0x00000000ef500000,0x00000000ef500000)
  to   space 512K, 0% used [0x00000000ef500000,0x00000000ef500000,0x00000000ef580000)
 ParOldGen       total 87552K, used 13206K [0x0000000081a00000, 0x0000000086f80000, 0x00000000d5e00000)
  object space 87552K, 15% used [0x0000000081a00000,0x00000000826e5a78,0x0000000086f80000)
 Metaspace       used 17280K, capacity 17534K, committed 17664K, reserved 1064960K
  class space    used 1966K, capacity 2034K, committed 2048K, reserved 1048576K
Event: 8.667 GC heap after
Heap after GC invocations=62 (full 0):
 PSYoungGen      total 312320K, used 64K [0x00000000d5e00000, 0x00000000ef580000, 0x0000000100000000)
  eden space 311808K, 0% used [0x00000000d5e00000,0x00000000d5e00000,0x00000000e8e80000)
  from space 512K, 12% used [0x00000000ef500000,0x00000000ef510000,0x00000000ef580000)
  to   space 5120K, 0% used [0x00000000eeb80000,0x00000000eeb80000,0x00000000ef080000)
 ParOldGen       total 87552K, used 13738K [0x0000000081a00000, 0x0000000086f80000, 0x00000000d5e00000)
  object space 87552K, 15% used [0x0000000081a00000,0x000000008276aa98,0x0000000086f80000)
 Metaspace       used 17280K, capacity 17534K, committed 17664K, reserved 1064960K
  class space    used 1966K, capacity 2034K, committed 2048K, reserved 1048576K
}
Event: 8.706 GC heap before
{Heap before GC invocations=63 (full 0):
 PSYoungGen      total 312320K, used 311872K [0x00000000d5e00000, 0x00000000ef580000, 0x0000000100000000)
  eden space 311808K, 100% used [0x00000000d5e00000,0x00000000e8e80000,0x00000000e8e80000)
  from space 512K, 12% used [0x00000000ef500000,0x00000000ef510000,0x00000000ef580000)
  to   space 5120K, 0% used [0x00000000eeb80000,0x00000000eeb80000,0x00000000ef080000)
 ParOldGen       total 87552K, used 13738K [0x0000000081a00000, 0x0000000086f80000, 0x00000000d5e00000)
  object space 87552K, 15% used [0x0000000081a00000,0x000000008276aa98,0x0000000086f80000)
 Metaspace       used 17280K, capacity 17534K, committed 17664K, reserved 1064960K
  class space    used 1966K, capacity 2034K, committed 2048K, reserved 1048576K
Event: 8.707 GC heap after
Heap after GC invocations=63 (full 0):
 PSYoungGen      total 379392K, used 79K [0x00000000d5e00000, 0x00000000ef580000, 0x0000000100000000)
  eden space 374272K, 0% used [0x00000000d5e00000,0x00000000d5e00000,0x00000000ecb80000)
  from space 5120K, 1% used [0x00000000eeb80000,0x00000000eeb93d58,0x00000000ef080000)
  to   space 4608K, 0% used [0x00000000ef100000,0x00000000ef100000,0x00000000ef580000)
 ParOldGen       total 87552K, used 13742K [0x0000000081a00000, 0x0000000086f80000, 0x00000000d5e00000)
  object space 87552K, 15% used [0x0000000081a00000,0x000000008276bb68,0x0000000086f80000)
 Metaspace       used 17280K, capacity 17534K, committed 17664K, reserved 1064960K
  class space    used 1966K, capacity 2034K, committed 2048K, reserved 1048576K
}
Event: 8.749 GC heap before
{Heap before GC invocations=64 (full 0):
 PSYoungGen      total 379392K, used 374351K [0x00000000d5e00000, 0x00000000ef580000, 0x0000000100000000)
  eden space 374272K, 100% used [0x00000000d5e00000,0x00000000ecb80000,0x00000000ecb80000)
  from space 5120K, 1% used [0x00000000eeb80000,0x00000000eeb93d58,0x00000000ef080000)
  to   space 4608K, 0% used [0x00000000ef100000,0x00000000ef100000,0x00000000ef580000)
 ParOldGen       total 87552K, used 13742K [0x0000000081a00000, 0x0000000086f80000, 0x00000000d5e00000)
  object space 87552K, 15% used [0x0000000081a00000,0x000000008276bb68,0x0000000086f80000)
 Metaspace       used 17280K, capacity 17534K, committed 17664K, reserved 1064960K
  class space    used 1966K, capacity 2034K, committed 2048K, reserved 1048576K
Event: 8.750 GC heap after
Heap after GC invocations=64 (full 0):
 PSYoungGen      total 378880K, used 32K [0x00000000d5e00000, 0x00000000ef580000, 0x0000000100000000)
  eden space 374272K, 0% used [0x00000000d5e00000,0x00000000d5e00000,0x00000000ecb80000)
  from space 4608K, 0% used [0x00000000ef100000,0x00000000ef108000,0x00000000ef580000)
  to   space 5120K, 0% used [0x00000000eeb80000,0x00000000eeb80000,0x00000000ef080000)
 ParOldGen       total 87552K, used 13742K [0x0000000081a00000, 0x0000000086f80000, 0x00000000d5e00000)
  object space 87552K, 15% used [0x0000000081a00000,0x000000008276bb68,0x0000000086f80000)
 Metaspace       used 17280K, capacity 17534K, committed 17664K, reserved 1064960K
  class space    used 1966K, capacity 2034K, committed 2048K, reserved 1048576K
}
Event: 8.799 GC heap before
{Heap before GC invocations=65 (full 0):
 PSYoungGen      total 378880K, used 374304K [0x00000000d5e00000, 0x00000000ef580000, 0x0000000100000000)
  eden space 374272K, 100% used [0x00000000d5e00000,0x00000000ecb80000,0x00000000ecb80000)
  from space 4608K, 0% used [0x00000000ef100000,0x00000000ef108000,0x00000000ef580000)
  to   space 5120K, 0% used [0x00000000eeb80000,0x00000000eeb80000,0x00000000ef080000)
 ParOldGen       total 87552K, used 13742K [0x0000000081a00000, 0x0000000086f80000, 0x00000000d5e00000)
  object space 87552K, 15% used [0x0000000081a00000,0x000000008276bb68,0x0000000086f80000)
 Metaspace       used 17280K, capacity 17534K, committed 17664K, reserved 1064960K
  class space    used 1966K, capacity 2034K, committed 2048K, reserved 1048576K
Event: 8.800 GC heap after
Heap after GC invocations=65 (full 0):
 PSYoungGen      total 379392K, used 67K [0x00000000d5e00000, 0x00000000ef580000, 0x0000000100000000)
  eden space 374272K, 0% used [0x00000000d5e00000,0x00000000d5e00000,0x00000000ecb80000)
  from space 5120K, 1% used [0x00000000eeb80000,0x00000000eeb90f98,0x00000000ef080000)
  to   space 4608K, 0% used [0x00000000ef100000,0x00000000ef100000,0x00000000ef580000)
 ParOldGen       total 87552K, used 13742K [0x0000000081a00000, 0x0000000086f80000, 0x00000000d5e00000)
  object space 87552K, 15% used [0x0000000081a00000,0x000000008276bb68,0x0000000086f80000)
 Metaspace       used 17280K, capacity 17534K, committed 17664K, reserved 1064960K
  class space    used 1966K, capacity 2034K, committed 2048K, reserved 1048576K
}

